C:\Program Files\Microsoft Visual Studio\2022\Community\MSBuild\Microsoft\VC\v170\Microsoft.CppBuild.targets(531,5): warning MSB8028: The intermediate directory (Debug\) contains files shared from another project (Win32SimpleSample.vcxproj).  This can lead to incorrect clean and rebuild behavior.
  ToolMain.cpp
  _WIN32_WINNT not defined. Defaulting to _WIN32_WINNT_MAXVER (see WinSDKVer.h)
D:\UniveristyProjects\CMP405\WFFC-Edit\WOFFCEdit\DisplayObject.h(40,36): warning C4244: 'argument': conversion from 'double' to 'float', possible loss of data
  (compiling source file 'ToolMain.cpp')
  
D:\UniveristyProjects\CMP405\WFFC-Edit\WOFFCEdit\DisplayObject.h(39,36): warning C4244: 'argument': conversion from 'double' to 'float', possible loss of data
  (compiling source file 'ToolMain.cpp')
  
D:\UniveristyProjects\CMP405\WFFC-Edit\WOFFCEdit\DisplayObject.h(38,58): warning C4244: 'argument': conversion from 'double' to 'float', possible loss of data
  (compiling source file 'ToolMain.cpp')
  
D:\UniveristyProjects\CMP405\WFFC-Edit\WOFFCEdit\ToolMain.cpp(105,46): warning C4244: '=': conversion from 'double' to 'float', possible loss of data
D:\UniveristyProjects\CMP405\WFFC-Edit\WOFFCEdit\ToolMain.cpp(106,46): warning C4244: '=': conversion from 'double' to 'float', possible loss of data
D:\UniveristyProjects\CMP405\WFFC-Edit\WOFFCEdit\ToolMain.cpp(107,46): warning C4244: '=': conversion from 'double' to 'float', possible loss of data
D:\UniveristyProjects\CMP405\WFFC-Edit\WOFFCEdit\ToolMain.cpp(108,46): warning C4244: '=': conversion from 'double' to 'float', possible loss of data
D:\UniveristyProjects\CMP405\WFFC-Edit\WOFFCEdit\ToolMain.cpp(109,46): warning C4244: '=': conversion from 'double' to 'float', possible loss of data
D:\UniveristyProjects\CMP405\WFFC-Edit\WOFFCEdit\ToolMain.cpp(110,46): warning C4244: '=': conversion from 'double' to 'float', possible loss of data
D:\UniveristyProjects\CMP405\WFFC-Edit\WOFFCEdit\ToolMain.cpp(111,46): warning C4244: '=': conversion from 'double' to 'float', possible loss of data
D:\UniveristyProjects\CMP405\WFFC-Edit\WOFFCEdit\ToolMain.cpp(112,46): warning C4244: '=': conversion from 'double' to 'float', possible loss of data
D:\UniveristyProjects\CMP405\WFFC-Edit\WOFFCEdit\ToolMain.cpp(113,46): warning C4244: '=': conversion from 'double' to 'float', possible loss of data
D:\UniveristyProjects\CMP405\WFFC-Edit\WOFFCEdit\ToolMain.cpp(125,48): warning C4244: '=': conversion from 'double' to 'float', possible loss of data
D:\UniveristyProjects\CMP405\WFFC-Edit\WOFFCEdit\ToolMain.cpp(126,48): warning C4244: '=': conversion from 'double' to 'float', possible loss of data
D:\UniveristyProjects\CMP405\WFFC-Edit\WOFFCEdit\ToolMain.cpp(127,48): warning C4244: '=': conversion from 'double' to 'float', possible loss of data
D:\UniveristyProjects\CMP405\WFFC-Edit\WOFFCEdit\ToolMain.cpp(131,48): warning C4244: '=': conversion from 'double' to 'float', possible loss of data
D:\UniveristyProjects\CMP405\WFFC-Edit\WOFFCEdit\ToolMain.cpp(132,47): warning C4244: '=': conversion from 'double' to 'float', possible loss of data
D:\UniveristyProjects\CMP405\WFFC-Edit\WOFFCEdit\ToolMain.cpp(133,42): warning C4244: '=': conversion from 'int' to 'float', possible loss of data
D:\UniveristyProjects\CMP405\WFFC-Edit\WOFFCEdit\ToolMain.cpp(137,50): warning C4244: '=': conversion from 'double' to 'int', possible loss of data
D:\UniveristyProjects\CMP405\WFFC-Edit\WOFFCEdit\ToolMain.cpp(138,50): warning C4244: '=': conversion from 'double' to 'int', possible loss of data
D:\UniveristyProjects\CMP405\WFFC-Edit\WOFFCEdit\ToolMain.cpp(148,57): warning C4244: '=': conversion from 'double' to 'float', possible loss of data
D:\UniveristyProjects\CMP405\WFFC-Edit\WOFFCEdit\ToolMain.cpp(149,57): warning C4244: '=': conversion from 'double' to 'float', possible loss of data
D:\UniveristyProjects\CMP405\WFFC-Edit\WOFFCEdit\ToolMain.cpp(150,57): warning C4244: '=': conversion from 'double' to 'float', possible loss of data
D:\UniveristyProjects\CMP405\WFFC-Edit\WOFFCEdit\ToolMain.cpp(151,58): warning C4244: '=': conversion from 'double' to 'float', possible loss of data
D:\UniveristyProjects\CMP405\WFFC-Edit\WOFFCEdit\ToolMain.cpp(152,58): warning C4244: '=': conversion from 'double' to 'float', possible loss of data
D:\UniveristyProjects\CMP405\WFFC-Edit\WOFFCEdit\ToolMain.cpp(153,58): warning C4244: '=': conversion from 'double' to 'float', possible loss of data
D:\UniveristyProjects\CMP405\WFFC-Edit\WOFFCEdit\ToolMain.cpp(154,59): warning C4244: '=': conversion from 'double' to 'float', possible loss of data
D:\UniveristyProjects\CMP405\WFFC-Edit\WOFFCEdit\ToolMain.cpp(155,56): warning C4244: '=': conversion from 'double' to 'float', possible loss of data
D:\UniveristyProjects\CMP405\WFFC-Edit\WOFFCEdit\ToolMain.cpp(156,54): warning C4244: '=': conversion from 'double' to 'float', possible loss of data
D:\UniveristyProjects\CMP405\WFFC-Edit\WOFFCEdit\ToolMain.cpp(157,57): warning C4244: '=': conversion from 'double' to 'float', possible loss of data
D:\UniveristyProjects\CMP405\WFFC-Edit\WOFFCEdit\ToolMain.cpp(554,25): warning C4305: '=': truncation from 'double' to 'float'
  Win32SimpleSample.vcxproj -> D:\UniveristyProjects\CMP405\WFFC-Edit\WOFFCEdit\Debug\WoFEdit.exe
