d:\univeristyprojects\cmp405\wffc-edit\woffcedit\debug\vc143.pdb
d:\univeristyprojects\cmp405\wffc-edit\woffcedit\debug\vc143.idb
d:\univeristyprojects\cmp405\wffc-edit\woffcedit\debug\sceneobject.obj
d:\univeristyprojects\cmp405\wffc-edit\woffcedit\debug\scaletransformstate.obj
d:\univeristyprojects\cmp405\wffc-edit\woffcedit\debug\scalecontrolhandle.obj
d:\univeristyprojects\cmp405\wffc-edit\woffcedit\debug\postioncontrolhandle.obj
d:\univeristyprojects\cmp405\wffc-edit\woffcedit\debug\mfcmain.obj
d:\univeristyprojects\cmp405\wffc-edit\woffcedit\debug\pch.obj
d:\univeristyprojects\cmp405\wffc-edit\woffcedit\debug\observer.obj
d:\univeristyprojects\cmp405\wffc-edit\woffcedit\debug\objecttransformstate.obj
d:\univeristyprojects\cmp405\wffc-edit\woffcedit\debug\objectselectionstate.obj
d:\univeristyprojects\cmp405\wffc-edit\woffcedit\debug\mfctransformview.obj
d:\univeristyprojects\cmp405\wffc-edit\woffcedit\debug\mfcrenderframe.obj
d:\univeristyprojects\cmp405\wffc-edit\woffcedit\debug\mfcframe.obj
d:\univeristyprojects\cmp405\wffc-edit\woffcedit\debug\main.obj
d:\univeristyprojects\cmp405\wffc-edit\woffcedit\debug\displayobject.obj
d:\univeristyprojects\cmp405\wffc-edit\woffcedit\debug\displaychunk.obj
d:\univeristyprojects\cmp405\wffc-edit\woffcedit\debug\deviceresources.obj
d:\univeristyprojects\cmp405\wffc-edit\woffcedit\debug\controlhandle.obj
d:\univeristyprojects\cmp405\wffc-edit\woffcedit\debug\chunkobject.obj
d:\univeristyprojects\cmp405\wffc-edit\woffcedit\debug\axisbasedtransformstate.obj
d:\univeristyprojects\cmp405\wffc-edit\woffcedit\debug\toolstatebase.obj
d:\univeristyprojects\cmp405\wffc-edit\woffcedit\debug\toolmain.obj
d:\univeristyprojects\cmp405\wffc-edit\woffcedit\debug\selectdialogue.obj
d:\univeristyprojects\cmp405\wffc-edit\woffcedit\debug\game.obj
d:\univeristyprojects\cmp405\wffc-edit\woffcedit\debug\sqlite3.obj
d:\univeristyprojects\cmp405\wffc-edit\woffcedit\debug\wofedit.exe
d:\univeristyprojects\cmp405\wffc-edit\woffcedit\debug\wofedit.ilk
d:\univeristyprojects\cmp405\wffc-edit\woffcedit\debug\wofedit.pdb
d:\univeristyprojects\cmp405\wffc-edit\woffcedit\debug\win32simplesample.res
d:\univeristyprojects\cmp405\wffc-edit\woffcedit\debug\wofedit.tlog\cl.command.1.tlog
d:\univeristyprojects\cmp405\wffc-edit\woffcedit\debug\wofedit.tlog\cl.items.tlog
d:\univeristyprojects\cmp405\wffc-edit\woffcedit\debug\wofedit.tlog\cl.read.1.tlog
d:\univeristyprojects\cmp405\wffc-edit\woffcedit\debug\wofedit.tlog\cl.write.1.tlog
d:\univeristyprojects\cmp405\wffc-edit\woffcedit\debug\wofedit.tlog\link.command.1.tlog
d:\univeristyprojects\cmp405\wffc-edit\woffcedit\debug\wofedit.tlog\link.read.1.tlog
d:\univeristyprojects\cmp405\wffc-edit\woffcedit\debug\wofedit.tlog\link.write.1.tlog
d:\univeristyprojects\cmp405\wffc-edit\woffcedit\debug\wofedit.tlog\rc.command.1.tlog
d:\univeristyprojects\cmp405\wffc-edit\woffcedit\debug\wofedit.tlog\rc.read.1.tlog
d:\univeristyprojects\cmp405\wffc-edit\woffcedit\debug\wofedit.tlog\rc.write.1.tlog
